build/app/intermediates/manifest_merge_blame_file/debug/manifest-merger-blame-debug-report.txt
1<?xml version="1.0" encoding="utf-8"?>
2<manifest xmlns:android="http://schemas.android.com/apk/res/android"
3    package="com.hackatanga.hackatanga_project"
4    android:versionCode="1"
5    android:versionName="1.0.0" >
6
7    <uses-sdk
8        android:minSdkVersion="16"
9        android:targetSdkVersion="28" />
10    <!--
11         Flutter needs it to communicate with the running application
12         to allow setting breakpoints, to provide hot reload, etc.
13    -->
14    <uses-permission android:name="android.permission.INTERNET" />
14-->src\main\AndroidManifest.xml:10:5-67
14-->src\main\AndroidManifest.xml:10:22-64
15    <!--
16     io.flutter.app.FlutterApplication is an android.app.Application that
17         calls FlutterMain.startInitialization(this); in its onCreate method.
18         In most cases you can leave this as-is, but you if you want to provide
19         additional functionality it is fine to subclass or reimplement
20         FlutterApplication and put your custom class here.
21    -->
22    <uses-permission android:name="android.permission.ACCESS_FINE_LOCATION" />
22-->src\main\AndroidManifest.xml:9:5-79
22-->src\main\AndroidManifest.xml:9:22-76
23    <uses-permission android:name="android.permission.READ_EXTERNAL_STORAGE" />
23-->[:image_picker] AndroidManifest.xml:7:5-80
23-->[:image_picker] AndroidManifest.xml:7:22-77
24    <uses-permission android:name="android.permission.WRITE_EXTERNAL_STORAGE" /> <!-- Although the *SdkVersion is captured in gradle build files, this is required for non gradle builds -->
24-->[:image_picker] AndroidManifest.xml:8:5-81
24-->[:image_picker] AndroidManifest.xml:8:22-78
25    <!-- <uses-sdk android:minSdkVersion="14"/> -->
26    <uses-permission android:name="android.permission.ACCESS_NETWORK_STATE" />
26-->[com.google.firebase:firebase-database:19.3.0] AndroidManifest.xml:25:5-79
26-->[com.google.firebase:firebase-database:19.3.0] AndroidManifest.xml:25:22-76
27    <uses-permission android:name="android.permission.WAKE_LOCK" /> <!-- Required by older versions of Google Play services to create IID tokens -->
27-->[com.google.firebase:firebase-iid:20.1.5] AndroidManifest.xml:24:5-68
27-->[com.google.firebase:firebase-iid:20.1.5] AndroidManifest.xml:24:22-65
28    <uses-permission android:name="com.google.android.c2dm.permission.RECEIVE" />
28-->[com.google.firebase:firebase-iid:20.1.5] AndroidManifest.xml:26:5-82
28-->[com.google.firebase:firebase-iid:20.1.5] AndroidManifest.xml:26:22-79
29    <uses-permission android:name="com.google.android.finsky.permission.BIND_GET_INSTALL_REFERRER_SERVICE" />
29-->[com.google.android.gms:play-services-measurement:17.5.0] AndroidManifest.xml:26:5-110
29-->[com.google.android.gms:play-services-measurement:17.5.0] AndroidManifest.xml:26:22-107
30
31    <application
31-->src\main\AndroidManifest.xml:12:5-50:19
32        android:name="io.flutter.app.FlutterApplication"
32-->src\main\AndroidManifest.xml:13:9-57
33        android:appComponentFactory="androidx.core.app.CoreComponentFactory"
33-->[androidx.core:core:1.1.0] AndroidManifest.xml:24:18-86
34        android:debuggable="true"
35        android:icon="@mipmap/ic_launcher"
35-->src\main\AndroidManifest.xml:15:9-43
36        android:label="hackatanga_project" >
36-->src\main\AndroidManifest.xml:14:9-43
37        <activity
37-->src\main\AndroidManifest.xml:16:9-44:20
38            android:name="com.hackatanga.hackatanga_project.MainActivity"
38-->src\main\AndroidManifest.xml:17:13-41
39            android:configChanges="orientation|keyboardHidden|keyboard|screenSize|smallestScreenSize|locale|layoutDirection|fontScale|screenLayout|density|uiMode"
39-->src\main\AndroidManifest.xml:20:13-163
40            android:hardwareAccelerated="true"
40-->src\main\AndroidManifest.xml:21:13-47
41            android:launchMode="singleTop"
41-->src\main\AndroidManifest.xml:18:13-43
42            android:theme="@style/LaunchTheme"
42-->src\main\AndroidManifest.xml:19:13-47
43            android:windowSoftInputMode="adjustResize" >
43-->src\main\AndroidManifest.xml:22:13-55
44
45            <!--
46                 Specifies an Android theme to apply to this Activity as soon as
47                 the Android process has started. This theme is visible to the user
48                 while the Flutter UI initializes. After that, this theme continues
49                 to determine the Window background behind the Flutter UI.
50            -->
51            <meta-data
51-->src\main\AndroidManifest.xml:27:13-30:17
52                android:name="io.flutter.embedding.android.NormalTheme"
52-->src\main\AndroidManifest.xml:28:15-70
53                android:resource="@style/NormalTheme" />
53-->src\main\AndroidManifest.xml:29:15-52
54            <!--
55                 Displays an Android View that continues showing the launch screen
56                 Drawable until Flutter paints its first frame, then this splash
57                 screen fades out. A splash screen is useful to avoid any visual
58                 gap between the end of Android's launch screen and the painting of
59                 Flutter's first frame.
60            -->
61            <meta-data
61-->src\main\AndroidManifest.xml:36:13-39:17
62                android:name="io.flutter.embedding.android.SplashScreenDrawable"
62-->src\main\AndroidManifest.xml:37:15-79
63                android:resource="@drawable/launch_background" />
63-->src\main\AndroidManifest.xml:38:15-61
64
65            <intent-filter>
65-->src\main\AndroidManifest.xml:40:13-43:29
66                <action android:name="android.intent.action.MAIN" />
66-->src\main\AndroidManifest.xml:41:17-68
66-->src\main\AndroidManifest.xml:41:25-66
67
68                <category android:name="android.intent.category.LAUNCHER" />
68-->src\main\AndroidManifest.xml:42:17-76
68-->src\main\AndroidManifest.xml:42:27-74
69            </intent-filter>
70        </activity>
71        <!--
72             Don't delete the meta-data below.
73             This is used by the Flutter tool to generate GeneratedPluginRegistrant.java
74        -->
75        <meta-data
75-->src\main\AndroidManifest.xml:47:9-49:33
76            android:name="flutterEmbedding"
76-->src\main\AndroidManifest.xml:48:13-44
77            android:value="2" />
77-->src\main\AndroidManifest.xml:49:13-30
78
79        <service
79-->[:firebase_storage] AndroidManifest.xml:8:9-12:19
80            android:name="com.google.firebase.components.ComponentDiscoveryService"
80-->[:firebase_storage] AndroidManifest.xml:8:18-89
81            android:directBootAware="true"
81-->[com.google.firebase:firebase-common:19.3.0] AndroidManifest.xml:34:13-43
82            android:exported="false" >
82-->[com.google.firebase:firebase-auth:19.3.2] AndroidManifest.xml:35:13-37
83            <meta-data
83-->[:firebase_storage] AndroidManifest.xml:9:13-11:85
84                android:name="com.google.firebase.components:io.flutter.plugins.firebase.storage.FlutterFirebaseAppRegistrar"
84-->[:firebase_storage] AndroidManifest.xml:10:17-126
85                android:value="com.google.firebase.components.ComponentRegistrar" />
85-->[:firebase_storage] AndroidManifest.xml:11:17-82
86            <meta-data
86-->[:cloud_firestore] AndroidManifest.xml:9:13-11:85
87                android:name="com.google.firebase.components:io.flutter.plugins.firebase.firestore.FlutterFirebaseFirestoreRegistrar"
87-->[:cloud_firestore] AndroidManifest.xml:10:17-134
88                android:value="com.google.firebase.components.ComponentRegistrar" />
88-->[:cloud_firestore] AndroidManifest.xml:11:17-82
89            <meta-data
89-->[:firebase_database] AndroidManifest.xml:9:13-11:85
90                android:name="com.google.firebase.components:io.flutter.plugins.firebase.database.FlutterFirebaseAppRegistrar"
90-->[:firebase_database] AndroidManifest.xml:10:17-127
91                android:value="com.google.firebase.components.ComponentRegistrar" />
91-->[:firebase_database] AndroidManifest.xml:11:17-82
92            <meta-data
92-->[:firebase_auth] AndroidManifest.xml:9:13-11:85
93                android:name="com.google.firebase.components:io.flutter.plugins.firebase.auth.FlutterFirebaseAuthRegistrar"
93-->[:firebase_auth] AndroidManifest.xml:10:17-124
94                android:value="com.google.firebase.components.ComponentRegistrar" />
94-->[:firebase_auth] AndroidManifest.xml:11:17-82
95            <meta-data
95-->[:firebase_core] AndroidManifest.xml:9:13-11:85
96                android:name="com.google.firebase.components:io.flutter.plugins.firebase.core.FlutterFirebaseCoreRegistrar"
96-->[:firebase_core] AndroidManifest.xml:10:17-124
97                android:value="com.google.firebase.components.ComponentRegistrar" />
97-->[:firebase_core] AndroidManifest.xml:11:17-82
98            <meta-data
98-->[com.google.firebase:firebase-auth:19.3.2] AndroidManifest.xml:36:13-38:85
99                android:name="com.google.firebase.components:com.google.firebase.auth.FirebaseAuthRegistrar"
99-->[com.google.firebase:firebase-auth:19.3.2] AndroidManifest.xml:37:17-109
100                android:value="com.google.firebase.components.ComponentRegistrar" />
100-->[com.google.firebase:firebase-auth:19.3.2] AndroidManifest.xml:38:17-82
101            <meta-data
101-->[com.google.firebase:firebase-database:19.3.0] AndroidManifest.xml:32:13-34:85
102                android:name="com.google.firebase.components:com.google.firebase.database.DatabaseRegistrar"
102-->[com.google.firebase:firebase-database:19.3.0] AndroidManifest.xml:33:17-109
103                android:value="com.google.firebase.components.ComponentRegistrar" />
103-->[com.google.firebase:firebase-database:19.3.0] AndroidManifest.xml:34:17-82
104            <meta-data
104-->[com.google.firebase:firebase-storage:19.1.1] AndroidManifest.xml:33:13-35:85
105                android:name="com.google.firebase.components:com.google.firebase.storage.StorageRegistrar"
105-->[com.google.firebase:firebase-storage:19.1.1] AndroidManifest.xml:34:17-107
106                android:value="com.google.firebase.components.ComponentRegistrar" />
106-->[com.google.firebase:firebase-storage:19.1.1] AndroidManifest.xml:35:17-82
107            <meta-data
107-->[com.google.firebase:firebase-firestore:21.4.3] AndroidManifest.xml:20:13-22:85
108                android:name="com.google.firebase.components:com.google.firebase.firestore.FirestoreRegistrar"
108-->[com.google.firebase:firebase-firestore:21.4.3] AndroidManifest.xml:21:17-111
109                android:value="com.google.firebase.components.ComponentRegistrar" />
109-->[com.google.firebase:firebase-firestore:21.4.3] AndroidManifest.xml:22:17-82
110            <meta-data
110-->[com.google.firebase:firebase-ml-common:22.1.1] AndroidManifest.xml:11:13-13:85
111                android:name="com.google.firebase.components:com.google.firebase.ml.common.CommonComponentRegistrar"
111-->[com.google.firebase:firebase-ml-common:22.1.1] AndroidManifest.xml:12:17-117
112                android:value="com.google.firebase.components.ComponentRegistrar" />
112-->[com.google.firebase:firebase-ml-common:22.1.1] AndroidManifest.xml:13:17-82
113            <meta-data
113-->[com.google.firebase:firebase-iid:20.1.5] AndroidManifest.xml:32:13-34:85
114                android:name="com.google.firebase.components:com.google.firebase.iid.Registrar"
114-->[com.google.firebase:firebase-iid:20.1.5] AndroidManifest.xml:33:17-96
115                android:value="com.google.firebase.components.ComponentRegistrar" />
115-->[com.google.firebase:firebase-iid:20.1.5] AndroidManifest.xml:34:17-82
116            <meta-data
116-->[com.google.android.gms:play-services-measurement-api:17.5.0] AndroidManifest.xml:30:13-32:85
117                android:name="com.google.firebase.components:com.google.firebase.analytics.connector.internal.AnalyticsConnectorRegistrar"
117-->[com.google.android.gms:play-services-measurement-api:17.5.0] AndroidManifest.xml:31:17-139
118                android:value="com.google.firebase.components.ComponentRegistrar" />
118-->[com.google.android.gms:play-services-measurement-api:17.5.0] AndroidManifest.xml:32:17-82
119            <meta-data
119-->[com.google.firebase:firebase-installations:16.3.2] AndroidManifest.xml:17:13-19:85
120                android:name="com.google.firebase.components:com.google.firebase.installations.FirebaseInstallationsRegistrar"
120-->[com.google.firebase:firebase-installations:16.3.2] AndroidManifest.xml:18:17-127
121                android:value="com.google.firebase.components.ComponentRegistrar" />
121-->[com.google.firebase:firebase-installations:16.3.2] AndroidManifest.xml:19:17-82
122        </service>
123
124        <provider
124-->[:image_picker] AndroidManifest.xml:11:9-19:20
125            android:name="io.flutter.plugins.imagepicker.ImagePickerFileProvider"
125-->[:image_picker] AndroidManifest.xml:12:13-82
126            android:authorities="com.hackatanga.hackatanga_project.flutter.image_provider"
126-->[:image_picker] AndroidManifest.xml:13:13-74
127            android:exported="false"
127-->[:image_picker] AndroidManifest.xml:14:13-37
128            android:grantUriPermissions="true" >
128-->[:image_picker] AndroidManifest.xml:15:13-47
129            <meta-data
129-->[:image_picker] AndroidManifest.xml:16:13-18:75
130                android:name="android.support.FILE_PROVIDER_PATHS"
130-->[:image_picker] AndroidManifest.xml:17:17-67
131                android:resource="@xml/flutter_image_picker_file_paths" />
131-->[:image_picker] AndroidManifest.xml:18:17-72
132        </provider>
133
134        <activity
134-->[com.google.firebase:firebase-auth:19.3.2] AndroidManifest.xml:24:9-31:50
135            android:name="com.google.firebase.auth.internal.FederatedSignInActivity"
135-->[com.google.firebase:firebase-auth:19.3.2] AndroidManifest.xml:25:13-85
136            android:excludeFromRecents="true"
136-->[com.google.firebase:firebase-auth:19.3.2] AndroidManifest.xml:26:13-46
137            android:exported="true"
137-->[com.google.firebase:firebase-auth:19.3.2] AndroidManifest.xml:27:13-36
138            android:launchMode="singleTask"
138-->[com.google.firebase:firebase-auth:19.3.2] AndroidManifest.xml:28:13-44
139            android:permission="com.google.firebase.auth.api.gms.permission.LAUNCH_FEDERATED_SIGN_IN"
139-->[com.google.firebase:firebase-auth:19.3.2] AndroidManifest.xml:29:13-102
140            android:theme="@android:style/Theme.Translucent.NoTitleBar" />
140-->[com.google.firebase:firebase-auth:19.3.2] AndroidManifest.xml:30:13-72
141        <activity
141-->[com.google.android.gms:play-services-auth:18.1.0] AndroidManifest.xml:23:9-27:75
142            android:name="com.google.android.gms.auth.api.signin.internal.SignInHubActivity"
142-->[com.google.android.gms:play-services-auth:18.1.0] AndroidManifest.xml:24:13-93
143            android:excludeFromRecents="true"
143-->[com.google.android.gms:play-services-auth:18.1.0] AndroidManifest.xml:25:13-46
144            android:exported="false"
144-->[com.google.android.gms:play-services-auth:18.1.0] AndroidManifest.xml:26:13-37
145            android:theme="@android:style/Theme.Translucent.NoTitleBar" />
145-->[com.google.android.gms:play-services-auth:18.1.0] AndroidManifest.xml:27:13-72
146        <!--
147            Service handling Google Sign-In user revocation. For apps that do not integrate with
148            Google Sign-In, this service will never be started.
149        -->
150        <service
150-->[com.google.android.gms:play-services-auth:18.1.0] AndroidManifest.xml:33:9-37:51
151            android:name="com.google.android.gms.auth.api.signin.RevocationBoundService"
151-->[com.google.android.gms:play-services-auth:18.1.0] AndroidManifest.xml:34:13-89
152            android:exported="true"
152-->[com.google.android.gms:play-services-auth:18.1.0] AndroidManifest.xml:35:13-36
153            android:permission="com.google.android.gms.auth.api.signin.permission.REVOCATION_NOTIFICATION"
153-->[com.google.android.gms:play-services-auth:18.1.0] AndroidManifest.xml:36:13-107
154            android:visibleToInstantApps="true" />
154-->[com.google.android.gms:play-services-auth:18.1.0] AndroidManifest.xml:37:13-48
155
156        <receiver
156-->[com.google.firebase:firebase-iid:20.1.5] AndroidManifest.xml:37:9-44:20
157            android:name="com.google.firebase.iid.FirebaseInstanceIdReceiver"
157-->[com.google.firebase:firebase-iid:20.1.5] AndroidManifest.xml:38:13-78
158            android:exported="true"
158-->[com.google.firebase:firebase-iid:20.1.5] AndroidManifest.xml:39:13-36
159            android:permission="com.google.android.c2dm.permission.SEND" >
159-->[com.google.firebase:firebase-iid:20.1.5] AndroidManifest.xml:40:13-73
160            <intent-filter>
160-->[com.google.firebase:firebase-iid:20.1.5] AndroidManifest.xml:41:13-43:29
161                <action android:name="com.google.android.c2dm.intent.RECEIVE" />
161-->[com.google.firebase:firebase-iid:20.1.5] AndroidManifest.xml:42:17-81
161-->[com.google.firebase:firebase-iid:20.1.5] AndroidManifest.xml:42:25-78
162            </intent-filter>
163        </receiver>
164
165        <activity
165-->[com.google.android.gms:play-services-base:17.1.0] AndroidManifest.xml:23:9-26:75
166            android:name="com.google.android.gms.common.api.GoogleApiActivity"
166-->[com.google.android.gms:play-services-base:17.1.0] AndroidManifest.xml:24:13-79
167            android:exported="false"
167-->[com.google.android.gms:play-services-base:17.1.0] AndroidManifest.xml:25:13-37
168            android:theme="@android:style/Theme.Translucent.NoTitleBar" />
168-->[com.google.android.gms:play-services-base:17.1.0] AndroidManifest.xml:26:13-72
169
170        <receiver
170-->[com.google.android.gms:play-services-measurement:17.5.0] AndroidManifest.xml:29:9-33:20
171            android:name="com.google.android.gms.measurement.AppMeasurementReceiver"
171-->[com.google.android.gms:play-services-measurement:17.5.0] AndroidManifest.xml:30:13-85
172            android:enabled="true"
172-->[com.google.android.gms:play-services-measurement:17.5.0] AndroidManifest.xml:31:13-35
173            android:exported="false" >
173-->[com.google.android.gms:play-services-measurement:17.5.0] AndroidManifest.xml:32:13-37
174        </receiver>
175
176        <service
176-->[com.google.android.gms:play-services-measurement:17.5.0] AndroidManifest.xml:35:9-38:40
177            android:name="com.google.android.gms.measurement.AppMeasurementService"
177-->[com.google.android.gms:play-services-measurement:17.5.0] AndroidManifest.xml:36:13-84
178            android:enabled="true"
178-->[com.google.android.gms:play-services-measurement:17.5.0] AndroidManifest.xml:37:13-35
179            android:exported="false" />
179-->[com.google.android.gms:play-services-measurement:17.5.0] AndroidManifest.xml:38:13-37
180        <service
180-->[com.google.android.gms:play-services-measurement:17.5.0] AndroidManifest.xml:39:9-43:72
181            android:name="com.google.android.gms.measurement.AppMeasurementJobService"
181-->[com.google.android.gms:play-services-measurement:17.5.0] AndroidManifest.xml:40:13-87
182            android:enabled="true"
182-->[com.google.android.gms:play-services-measurement:17.5.0] AndroidManifest.xml:41:13-35
183            android:exported="false"
183-->[com.google.android.gms:play-services-measurement:17.5.0] AndroidManifest.xml:42:13-37
184            android:permission="android.permission.BIND_JOB_SERVICE" />
184-->[com.google.android.gms:play-services-measurement:17.5.0] AndroidManifest.xml:43:13-69
185
186        <provider
186-->[com.google.firebase:firebase-common:19.3.0] AndroidManifest.xml:26:9-30:39
187            android:name="com.google.firebase.provider.FirebaseInitProvider"
187-->[com.google.firebase:firebase-common:19.3.0] AndroidManifest.xml:27:13-77
188            android:authorities="com.hackatanga.hackatanga_project.firebaseinitprovider"
188-->[com.google.firebase:firebase-common:19.3.0] AndroidManifest.xml:28:13-72
189            android:exported="false"
189-->[com.google.firebase:firebase-common:19.3.0] AndroidManifest.xml:29:13-37
190            android:initOrder="100" />
190-->[com.google.firebase:firebase-common:19.3.0] AndroidManifest.xml:30:13-36
191
192        <meta-data
192-->[com.google.android.gms:play-services-basement:17.1.1] AndroidManifest.xml:23:9-25:69
193            android:name="com.google.android.gms.version"
193-->[com.google.android.gms:play-services-basement:17.1.1] AndroidManifest.xml:24:13-58
194            android:value="@integer/google_play_services_version" />
194-->[com.google.android.gms:play-services-basement:17.1.1] AndroidManifest.xml:25:13-66
195    </application>
196
197</manifest>